# JRE version: OpenJDK Runtime Environment Temurin-21.0.8+9 (21.0.8+9) (build 21.0.8+9-LTS)
# Java VM: OpenJDK 64-Bit Server VM Temurin-21.0.8+9 (21.0.8+9-LTS, mixed mode, sharing, tiered, compressed oops, compressed class ptrs, parallel gc, windows-amd64)
GC Precious Log:
 CardTable entry size: 512
 CPUs: 6 total, 6 available
 Memory: 16317M
 Large Page Support: Disabled
 NUMA Support: Disabled
 Compressed Oops: Enabled (32-bit)
 Alignments: Space 512K, Generation 512K, Heap 2M
 Heap Min Capacity: 100M
 Heap Initial Capacity: 100M
 Heap Max Capacity: 2G
 Pre-touch: Disabled
 Parallel Workers: 6
Heap:
 PSYoungGen      total 20480K, used 5942K [0x00000000d5580000, 0x00000000d6b00000, 0x0000000100000000)
  eden space 19968K, 27% used [0x00000000d5580000,0x00000000d5ad6ff0,0x00000000d6900000)
  from space 512K, 92% used [0x00000000d6a80000,0x00000000d6af68d0,0x00000000d6b00000)
  to   space 1024K, 0% used [0x00000000d6900000,0x00000000d6900000,0x00000000d6a00000)
 ParOldGen       total 159744K, used 159590K [0x0000000080000000, 0x0000000089c00000, 0x00000000d5580000)
  object space 159744K, 99% used [0x0000000080000000,0x0000000089bd9b98,0x0000000089c00000)
 Metaspace       used 64012K, committed 65536K, reserved 1114112K
  class space    used 6775K, committed 7424K, reserved 1048576K
GC Heap History (20 events):
Event: 115.717 GC heap before
{Heap before GC invocations=92 (full 3):
 PSYoungGen      total 20480K, used 20352K [0x00000000d5580000, 0x00000000d6a80000, 0x0000000100000000)
  eden space 19968K, 100% used [0x00000000d5580000,0x00000000d6900000,0x00000000d6900000)
  from space 512K, 75% used [0x00000000d6a00000,0x00000000d6a60000,0x00000000d6a80000)
  to   space 512K, 0% used [0x00000000d6980000,0x00000000d6980000,0x00000000d6a00000)
 ParOldGen       total 149504K, used 149262K [0x0000000080000000, 0x0000000089200000, 0x00000000d5580000)
  object space 149504K, 99% used [0x0000000080000000,0x00000000891c3a88,0x0000000089200000)
 Metaspace       used 59533K, committed 60992K, reserved 1114112K
  class space    used 6408K, committed 7040K, reserved 1048576K
}
Event: 115.744 GC heap after
{Heap after GC invocations=92 (full 3):
 PSYoungGen      total 20480K, used 494K [0x00000000d5580000, 0x00000000d6d00000, 0x0000000100000000)
  eden space 19968K, 0% used [0x00000000d5580000,0x00000000d5580000,0x00000000d6900000)
  from space 512K, 96% used [0x00000000d6980000,0x00000000d69fbb00,0x00000000d6a00000)
  to   space 2048K, 0% used [0x00000000d6b00000,0x00000000d6b00000,0x00000000d6d00000)
 ParOldGen       total 150528K, used 150161K [0x0000000080000000, 0x0000000089300000, 0x00000000d5580000)
  object space 150528K, 99% used [0x0000000080000000,0x00000000892a4680,0x0000000089300000)
 Metaspace       used 59533K, committed 60992K, reserved 1114112K
  class space    used 6408K, committed 7040K, reserved 1048576K
}
Event: 116.119 GC heap before
{Heap before GC invocations=93 (full 3):
 PSYoungGen      total 20480K, used 20462K [0x00000000d5580000, 0x00000000d6d00000, 0x0000000100000000)
  eden space 19968K, 100% used [0x00000000d5580000,0x00000000d6900000,0x00000000d6900000)
  from space 512K, 96% used [0x00000000d6980000,0x00000000d69fbb00,0x00000000d6a00000)
  to   space 2048K, 0% used [0x00000000d6b00000,0x00000000d6b00000,0x00000000d6d00000)
 ParOldGen       total 150528K, used 150161K [0x0000000080000000, 0x0000000089300000, 0x00000000d5580000)
  object space 150528K, 99% used [0x0000000080000000,0x00000000892a4680,0x0000000089300000)
 Metaspace       used 60049K, committed 61568K, reserved 1114112K
  class space    used 6458K, committed 7104K, reserved 1048576K
}
Event: 116.121 GC heap after
{Heap after GC invocations=93 (full 3):
 PSYoungGen      total 21504K, used 1040K [0x00000000d5580000, 0x00000000d6c80000, 0x0000000100000000)
  eden space 19968K, 0% used [0x00000000d5580000,0x00000000d5580000,0x00000000d6900000)
  from space 1536K, 67% used [0x00000000d6b00000,0x00000000d6c04008,0x00000000d6c80000)
  to   space 1536K, 0% used [0x00000000d6980000,0x00000000d6980000,0x00000000d6b00000)
 ParOldGen       total 151040K, used 150623K [0x0000000080000000, 0x0000000089380000, 0x00000000d5580000)
  object space 151040K, 99% used [0x0000000080000000,0x0000000089317c38,0x0000000089380000)
 Metaspace       used 60049K, committed 61568K, reserved 1114112K
  class space    used 6458K, committed 7104K, reserved 1048576K
}
Event: 116.772 GC heap before
{Heap before GC invocations=94 (full 3):
 PSYoungGen      total 21504K, used 21008K [0x00000000d5580000, 0x00000000d6c80000, 0x0000000100000000)
  eden space 19968K, 100% used [0x00000000d5580000,0x00000000d6900000,0x00000000d6900000)
  from space 1536K, 67% used [0x00000000d6b00000,0x00000000d6c04008,0x00000000d6c80000)
  to   space 1536K, 0% used [0x00000000d6980000,0x00000000d6980000,0x00000000d6b00000)
 ParOldGen       total 151040K, used 150623K [0x0000000080000000, 0x0000000089380000, 0x00000000d5580000)
  object space 151040K, 99% used [0x0000000080000000,0x0000000089317c38,0x0000000089380000)
 Metaspace       used 60943K, committed 62464K, reserved 1114112K
  class space    used 6553K, committed 7232K, reserved 1048576K
}
Event: 116.791 GC heap after
{Heap after GC invocations=94 (full 3):
 PSYoungGen      total 21504K, used 1474K [0x00000000d5580000, 0x00000000d6d00000, 0x0000000100000000)
  eden space 19968K, 0% used [0x00000000d5580000,0x00000000d5580000,0x00000000d6900000)
  from space 1536K, 95% used [0x00000000d6980000,0x00000000d6af0950,0x00000000d6b00000)
  to   space 2048K, 0% used [0x00000000d6b00000,0x00000000d6b00000,0x00000000d6d00000)
 ParOldGen       total 151552K, used 151332K [0x0000000080000000, 0x0000000089400000, 0x00000000d5580000)
  object space 151552K, 99% used [0x0000000080000000,0x00000000893c9320,0x0000000089400000)
 Metaspace       used 60943K, committed 62464K, reserved 1114112K
  class space    used 6553K, committed 7232K, reserved 1048576K
}
Event: 117.144 GC heap before
{Heap before GC invocations=95 (full 3):
 PSYoungGen      total 21504K, used 21442K [0x00000000d5580000, 0x00000000d6d00000, 0x0000000100000000)
  eden space 19968K, 100% used [0x00000000d5580000,0x00000000d6900000,0x00000000d6900000)
  from space 1536K, 95% used [0x00000000d6980000,0x00000000d6af0950,0x00000000d6b00000)
  to   space 2048K, 0% used [0x00000000d6b00000,0x00000000d6b00000,0x00000000d6d00000)
 ParOldGen       total 151552K, used 151332K [0x0000000080000000, 0x0000000089400000, 0x00000000d5580000)
  object space 151552K, 99% used [0x0000000080000000,0x00000000893c9320,0x0000000089400000)
 Metaspace       used 61642K, committed 63232K, reserved 1114112K
  class space    used 6608K, committed 7296K, reserved 1048576K
}
Event: 117.152 GC heap after
{Heap after GC invocations=95 (full 3):
 PSYoungGen      total 22016K, used 1676K [0x00000000d5580000, 0x00000000d6d00000, 0x0000000100000000)
  eden space 19968K, 0% used [0x00000000d5580000,0x00000000d5580000,0x00000000d6900000)
  from space 2048K, 81% used [0x00000000d6b00000,0x00000000d6ca3368,0x00000000d6d00000)
  to   space 2048K, 0% used [0x00000000d6900000,0x00000000d6900000,0x00000000d6b00000)
 ParOldGen       total 153088K, used 152731K [0x0000000080000000, 0x0000000089580000, 0x00000000d5580000)
  object space 153088K, 99% used [0x0000000080000000,0x0000000089526c38,0x0000000089580000)
 Metaspace       used 61642K, committed 63232K, reserved 1114112K
  class space    used 6608K, committed 7296K, reserved 1048576K
}
Event: 117.254 GC heap before
{Heap before GC invocations=96 (full 3):
 PSYoungGen      total 22016K, used 21644K [0x00000000d5580000, 0x00000000d6d00000, 0x0000000100000000)
  eden space 19968K, 100% used [0x00000000d5580000,0x00000000d6900000,0x00000000d6900000)
  from space 2048K, 81% used [0x00000000d6b00000,0x00000000d6ca3368,0x00000000d6d00000)
  to   space 2048K, 0% used [0x00000000d6900000,0x00000000d6900000,0x00000000d6b00000)
 ParOldGen       total 153088K, used 152731K [0x0000000080000000, 0x0000000089580000, 0x00000000d5580000)
  object space 153088K, 99% used [0x0000000080000000,0x0000000089526c38,0x0000000089580000)
 Metaspace       used 62111K, committed 63680K, reserved 1114112K
  class space    used 6633K, committed 7296K, reserved 1048576K
}
Event: 117.277 GC heap after
{Heap after GC invocations=96 (full 3):
 PSYoungGen      total 22016K, used 1828K [0x00000000d5580000, 0x00000000d6d00000, 0x0000000100000000)
  eden space 19968K, 0% used [0x00000000d5580000,0x00000000d5580000,0x00000000d6900000)
  from space 2048K, 89% used [0x00000000d6900000,0x00000000d6ac9210,0x00000000d6b00000)
  to   space 2048K, 0% used [0x00000000d6b00000,0x00000000d6b00000,0x00000000d6d00000)
 ParOldGen       total 154112K, used 154038K [0x0000000080000000, 0x0000000089680000, 0x00000000d5580000)
  object space 154112K, 99% used [0x0000000080000000,0x000000008966d898,0x0000000089680000)
 Metaspace       used 62111K, committed 63680K, reserved 1114112K
  class space    used 6633K, committed 7296K, reserved 1048576K
}
Event: 118.253 GC heap before
{Heap before GC invocations=97 (full 3):
 PSYoungGen      total 22016K, used 21796K [0x00000000d5580000, 0x00000000d6d00000, 0x0000000100000000)
  eden space 19968K, 100% used [0x00000000d5580000,0x00000000d6900000,0x00000000d6900000)
  from space 2048K, 89% used [0x00000000d6900000,0x00000000d6ac9210,0x00000000d6b00000)
  to   space 2048K, 0% used [0x00000000d6b00000,0x00000000d6b00000,0x00000000d6d00000)
 ParOldGen       total 154112K, used 154038K [0x0000000080000000, 0x0000000089680000, 0x00000000d5580000)
  object space 154112K, 99% used [0x0000000080000000,0x000000008966d898,0x0000000089680000)
 Metaspace       used 62664K, committed 64192K, reserved 1114112K
  class space    used 6702K, committed 7360K, reserved 1048576K
}
Event: 118.263 GC heap after
{Heap after GC invocations=97 (full 3):
 PSYoungGen      total 22016K, used 1728K [0x00000000d5580000, 0x00000000d6d00000, 0x0000000100000000)
  eden space 19968K, 0% used [0x00000000d5580000,0x00000000d5580000,0x00000000d6900000)
  from space 2048K, 84% used [0x00000000d6b00000,0x00000000d6cb0000,0x00000000d6d00000)
  to   space 2048K, 0% used [0x00000000d6900000,0x00000000d6900000,0x00000000d6b00000)
 ParOldGen       total 156160K, used 155661K [0x0000000080000000, 0x0000000089880000, 0x00000000d5580000)
  object space 156160K, 99% used [0x0000000080000000,0x0000000089803480,0x0000000089880000)
 Metaspace       used 62664K, committed 64192K, reserved 1114112K
  class space    used 6702K, committed 7360K, reserved 1048576K
}
Event: 123.200 GC heap before
{Heap before GC invocations=98 (full 3):
 PSYoungGen      total 22016K, used 21696K [0x00000000d5580000, 0x00000000d6d00000, 0x0000000100000000)
  eden space 19968K, 100% used [0x00000000d5580000,0x00000000d6900000,0x00000000d6900000)
  from space 2048K, 84% used [0x00000000d6b00000,0x00000000d6cb0000,0x00000000d6d00000)
  to   space 2048K, 0% used [0x00000000d6900000,0x00000000d6900000,0x00000000d6b00000)
 ParOldGen       total 156160K, used 155661K [0x0000000080000000, 0x0000000089880000, 0x00000000d5580000)
  object space 156160K, 99% used [0x0000000080000000,0x0000000089803480,0x0000000089880000)
 Metaspace       used 63155K, committed 64704K, reserved 1114112K
  class space    used 6711K, committed 7360K, reserved 1048576K
}
Event: 123.213 GC heap after
{Heap after GC invocations=98 (full 3):
 PSYoungGen      total 22016K, used 1568K [0x00000000d5580000, 0x00000000d6d00000, 0x0000000100000000)
  eden space 19968K, 0% used [0x00000000d5580000,0x00000000d5580000,0x00000000d6900000)
  from space 2048K, 76% used [0x00000000d6900000,0x00000000d6a88000,0x00000000d6b00000)
  to   space 2048K, 0% used [0x00000000d6b00000,0x00000000d6b00000,0x00000000d6d00000)
 ParOldGen       total 157184K, used 157056K [0x0000000080000000, 0x0000000089980000, 0x00000000d5580000)
  object space 157184K, 99% used [0x0000000080000000,0x00000000899600e0,0x0000000089980000)
 Metaspace       used 63155K, committed 64704K, reserved 1114112K
  class space    used 6711K, committed 7360K, reserved 1048576K
}
Event: 124.954 GC heap before
{Heap before GC invocations=99 (full 3):
 PSYoungGen      total 22016K, used 21536K [0x00000000d5580000, 0x00000000d6d00000, 0x0000000100000000)
  eden space 19968K, 100% used [0x00000000d5580000,0x00000000d6900000,0x00000000d6900000)
  from space 2048K, 76% used [0x00000000d6900000,0x00000000d6a88000,0x00000000d6b00000)
  to   space 2048K, 0% used [0x00000000d6b00000,0x00000000d6b00000,0x00000000d6d00000)
 ParOldGen       total 157184K, used 157056K [0x0000000080000000, 0x0000000089980000, 0x00000000d5580000)
  object space 157184K, 99% used [0x0000000080000000,0x00000000899600e0,0x0000000089980000)
 Metaspace       used 63273K, committed 64832K, reserved 1114112K
  class space    used 6712K, committed 7360K, reserved 1048576K
}
Event: 124.979 GC heap after
{Heap after GC invocations=99 (full 3):
 PSYoungGen      total 21504K, used 1312K [0x00000000d5580000, 0x00000000d6c80000, 0x0000000100000000)
  eden space 19968K, 0% used [0x00000000d5580000,0x00000000d5580000,0x00000000d6900000)
  from space 1536K, 85% used [0x00000000d6b00000,0x00000000d6c48000,0x00000000d6c80000)
  to   space 1536K, 0% used [0x00000000d6980000,0x00000000d6980000,0x00000000d6b00000)
 ParOldGen       total 158208K, used 158184K [0x0000000080000000, 0x0000000089a80000, 0x00000000d5580000)
  object space 158208K, 99% used [0x0000000080000000,0x0000000089a7a0e0,0x0000000089a80000)
 Metaspace       used 63273K, committed 64832K, reserved 1114112K
  class space    used 6712K, committed 7360K, reserved 1048576K
}
Event: 126.698 GC heap before
{Heap before GC invocations=100 (full 3):
 PSYoungGen      total 21504K, used 21280K [0x00000000d5580000, 0x00000000d6c80000, 0x0000000100000000)
  eden space 19968K, 100% used [0x00000000d5580000,0x00000000d6900000,0x00000000d6900000)
  from space 1536K, 85% used [0x00000000d6b00000,0x00000000d6c48000,0x00000000d6c80000)
  to   space 1536K, 0% used [0x00000000d6980000,0x00000000d6980000,0x00000000d6b00000)
 ParOldGen       total 158208K, used 158184K [0x0000000080000000, 0x0000000089a80000, 0x00000000d5580000)
  object space 158208K, 99% used [0x0000000080000000,0x0000000089a7a0e0,0x0000000089a80000)
 Metaspace       used 63754K, committed 65280K, reserved 1114112K
  class space    used 6755K, committed 7360K, reserved 1048576K
}
Event: 126.699 GC heap after
{Heap after GC invocations=100 (full 3):
 PSYoungGen      total 20992K, used 736K [0x00000000d5580000, 0x00000000d6b80000, 0x0000000100000000)
  eden space 19968K, 0% used [0x00000000d5580000,0x00000000d5580000,0x00000000d6900000)
  from space 1024K, 71% used [0x00000000d6980000,0x00000000d6a38020,0x00000000d6a80000)
  to   space 1024K, 0% used [0x00000000d6a80000,0x00000000d6a80000,0x00000000d6b80000)
 ParOldGen       total 159232K, used 159062K [0x0000000080000000, 0x0000000089b80000, 0x00000000d5580000)
  object space 159232K, 99% used [0x0000000080000000,0x0000000089b55b78,0x0000000089b80000)
 Metaspace       used 63754K, committed 65280K, reserved 1114112K
  class space    used 6755K, committed 7360K, reserved 1048576K
}
Event: 126.912 GC heap before
{Heap before GC invocations=101 (full 3):
 PSYoungGen      total 20992K, used 20636K [0x00000000d5580000, 0x00000000d6b80000, 0x0000000100000000)
  eden space 19968K, 99% used [0x00000000d5580000,0x00000000d68ef350,0x00000000d6900000)
  from space 1024K, 71% used [0x00000000d6980000,0x00000000d6a38020,0x00000000d6a80000)
  to   space 1024K, 0% used [0x00000000d6a80000,0x00000000d6a80000,0x00000000d6b80000)
 ParOldGen       total 159232K, used 159062K [0x0000000080000000, 0x0000000089b80000, 0x00000000d5580000)
  object space 159232K, 99% used [0x0000000080000000,0x0000000089b55b78,0x0000000089b80000)
 Metaspace       used 63838K, committed 65344K, reserved 1114112K
  class space    used 6758K, committed 7360K, reserved 1048576K
}
Event: 126.931 GC heap after
{Heap after GC invocations=101 (full 3):
 PSYoungGen      total 20480K, used 474K [0x00000000d5580000, 0x00000000d6b00000, 0x0000000100000000)
  eden space 19968K, 0% used [0x00000000d5580000,0x00000000d5580000,0x00000000d6900000)
  from space 512K, 92% used [0x00000000d6a80000,0x00000000d6af68d0,0x00000000d6b00000)
  to   space 1024K, 0% used [0x00000000d6900000,0x00000000d6900000,0x00000000d6a00000)
 ParOldGen       total 159744K, used 159590K [0x0000000080000000, 0x0000000089c00000, 0x00000000d5580000)
  object space 159744K, 99% used [0x0000000080000000,0x0000000089bd9b98,0x0000000089c00000)
 Metaspace       used 63838K, committed 65344K, reserved 1114112K
  class space    used 6758K, committed 7360K, reserved 1048576K
}

